<?xml version="1.0" encoding="UTF-8"?>
<Site BuildName="(empty)"
	BuildStamp="20230716-2312-Experimental"
	Name="(empty)"
	Generator="ctest-3.16.3"
	CompilerName=""
	CompilerVersion=""
	OSName="Linux"
	Hostname="swg-etg"
	OSRelease="5.4.0-153-generic"
	OSVersion="#170-Ubuntu SMP Fri Jun 16 13:43:31 UTC 2023"
	OSPlatform="x86_64"
	Is64Bits="1"
	VendorString="AuthenticAMD"
	VendorID="Advanced Micro Devices"
	FamilyID="23"
	ModelID="113"
	ProcessorCacheSize="512"
	NumberOfLogicalCPU="8"
	NumberOfPhysicalCPU="8"
	TotalVirtualMemory="4095"
	TotalPhysicalMemory="7944"
	LogicalProcessorsPerPhysical="1"
	ProcessorClockFrequency="3593.25"
	>
	<Testing>
		<StartDateTime>Jul 16 23:12 UTC</StartDateTime>
		<StartTestTime>1689549120</StartTestTime>
		<TestList/>
		<EndDateTime>Jul 16 23:12 UTC</EndDateTime>
		<EndTestTime>1689549120</EndTestTime>
		<ElapsedMinutes>0</ElapsedMinutes>
	</Testing>
</Site>
