<?xml version="1.0" encoding="UTF-8"?>
<Site BuildName="(empty)"
	BuildStamp="20230828-1226-Experimental"
	Name="(empty)"
	Generator="ctest-3.16.3"
	CompilerName=""
	CompilerVersion=""
	OSName="Linux"
	Hostname="swg-etg"
	OSRelease="5.4.0-156-generic"
	OSVersion="#173-Ubuntu SMP Tue Jul 11 07:25:22 UTC 2023"
	OSPlatform="x86_64"
	Is64Bits="1"
	VendorString="AuthenticAMD"
	VendorID="Advanced Micro Devices"
	FamilyID="23"
	ModelID="113"
	ProcessorCacheSize="512"
	NumberOfLogicalCPU="8"
	NumberOfPhysicalCPU="8"
	TotalVirtualMemory="4095"
	TotalPhysicalMemory="7944"
	LogicalProcessorsPerPhysical="1"
	ProcessorClockFrequency="3593.24"
	>
	<Testing>
		<StartDateTime>Aug 28 12:26 UTC</StartDateTime>
		<StartTestTime>1693225609</StartTestTime>
		<TestList/>
		<EndDateTime>Aug 28 12:26 UTC</EndDateTime>
		<EndTestTime>1693225609</EndTestTime>
		<ElapsedMinutes>0</ElapsedMinutes>
	</Testing>
</Site>
