<?xml version="1.0" encoding="UTF-8"?>
<Site BuildName="(empty)"
	BuildStamp="20230810-2216-Experimental"
	Name="(empty)"
	Generator="ctest-3.16.3"
	CompilerName=""
	CompilerVersion=""
	OSName="Linux"
	Hostname="swg-etg"
	OSRelease="5.4.0-155-generic"
	OSVersion="#172-Ubuntu SMP Fri Jul 7 16:10:02 UTC 2023"
	OSPlatform="x86_64"
	Is64Bits="1"
	VendorString="AuthenticAMD"
	VendorID="Advanced Micro Devices"
	FamilyID="23"
	ModelID="113"
	ProcessorCacheSize="512"
	NumberOfLogicalCPU="8"
	NumberOfPhysicalCPU="8"
	TotalVirtualMemory="4095"
	TotalPhysicalMemory="7944"
	LogicalProcessorsPerPhysical="1"
	ProcessorClockFrequency="3593.25"
	>
	<Testing>
		<StartDateTime>Aug 10 22:16 UTC</StartDateTime>
		<StartTestTime>1691705805</StartTestTime>
		<TestList/>
		<EndDateTime>Aug 10 22:16 UTC</EndDateTime>
		<EndTestTime>1691705805</EndTestTime>
		<ElapsedMinutes>0</ElapsedMinutes>
	</Testing>
</Site>
