<?xml version="1.0" encoding="UTF-8"?>
<Site BuildName="(empty)"
	BuildStamp="20230629-0014-Experimental"
	Name="(empty)"
	Generator="ctest-3.16.3"
	CompilerName=""
	CompilerVersion=""
	OSName="Linux"
	Hostname="swg-etg"
	OSRelease="5.4.0-152-generic"
	OSVersion="#169-Ubuntu SMP Tue Jun 6 22:23:09 UTC 2023"
	OSPlatform="x86_64"
	Is64Bits="1"
	VendorString="AuthenticAMD"
	VendorID="Advanced Micro Devices"
	FamilyID="23"
	ModelID="113"
	ProcessorCacheSize="512"
	NumberOfLogicalCPU="8"
	NumberOfPhysicalCPU="8"
	TotalVirtualMemory="4095"
	TotalPhysicalMemory="7944"
	LogicalProcessorsPerPhysical="1"
	ProcessorClockFrequency="3593.25"
	>
	<Testing>
		<StartDateTime>Jun 29 00:14 UTC</StartDateTime>
		<StartTestTime>1687997640</StartTestTime>
		<TestList/>
		<EndDateTime>Jun 29 00:14 UTC</EndDateTime>
		<EndTestTime>1687997640</EndTestTime>
		<ElapsedMinutes>0</ElapsedMinutes>
	</Testing>
</Site>
