<?xml version="1.0" encoding="UTF-8"?>
<Site BuildName="(empty)"
	BuildStamp="20231023-1945-Experimental"
	Name="(empty)"
	Generator="ctest-3.16.3"
	CompilerName=""
	CompilerVersion=""
	OSName="Linux"
	Hostname="swg-etg"
	OSRelease="5.4.0-164-generic"
	OSVersion="#181-Ubuntu SMP Fri Sep 1 13:41:22 UTC 2023"
	OSPlatform="x86_64"
	Is64Bits="1"
	VendorString="AuthenticAMD"
	VendorID="Advanced Micro Devices"
	FamilyID="23"
	ModelID="113"
	ProcessorCacheSize="512"
	NumberOfLogicalCPU="8"
	NumberOfPhysicalCPU="8"
	TotalVirtualMemory="4095"
	TotalPhysicalMemory="7944"
	LogicalProcessorsPerPhysical="1"
	ProcessorClockFrequency="3593.25"
	>
	<Testing>
		<StartDateTime>Oct 23 20:18 UTC</StartDateTime>
		<StartTestTime>1698092338</StartTestTime>
		<TestList/>
		<EndDateTime>Oct 23 20:18 UTC</EndDateTime>
		<EndTestTime>1698092338</EndTestTime>
		<ElapsedMinutes>0</ElapsedMinutes>
	</Testing>
</Site>
